Starting ChromeDriver 80.0.3987.16 (320f6526c1632ad4f205ebce69b99a062ed78647-refs/branch-heads/3987@{#185}) on port 9515
Only local connections are allowed.
Please protect ports used by ChromeDriver and related test frameworks to prevent access by malicious code.
[1584782793.261][WARNING]: Timed out connecting to Chrome, retrying...
[1584782796.560][SEVERE]: Timed out receiving message from renderer: 0.100
[1584782796.667][SEVERE]: Timed out receiving message from renderer: 0.100
[1584782796.778][SEVERE]: Timed out receiving message from renderer: 0.100
[1584782796.887][SEVERE]: Timed out receiving message from renderer: 0.100
[1584782796.996][SEVERE]: Timed out receiving message from renderer: 0.100
[1584782797.106][SEVERE]: Timed out receiving message from renderer: 0.100
[1584782797.308][SEVERE]: Timed out receiving message from renderer: 0.100
[1584782797.415][SEVERE]: Timed out receiving message from renderer: 0.100
[1584782797.524][SEVERE]: Timed out receiving message from renderer: 0.100
[1584782797.650][SEVERE]: Timed out receiving message from renderer: 0.100
[1584782798.018][SEVERE]: Timed out receiving message from renderer: 0.100
[1584782798.220][SEVERE]: Timed out receiving message from renderer: 0.100
[1584782798.330][SEVERE]: Timed out receiving message from renderer: 0.100
[1584782798.470][SEVERE]: Timed out receiving message from renderer: 0.100
[1584782798.579][SEVERE]: Timed out receiving message from renderer: 0.100
[1584782798.689][SEVERE]: Timed out receiving message from renderer: 0.100
[1584782798.800][SEVERE]: Timed out receiving message from renderer: 0.100
[1584782798.910][SEVERE]: Timed out receiving message from renderer: 0.100
[1584782800.295][SEVERE]: Timed out receiving message from renderer: 0.100
[1584782800.588][SEVERE]: Timed out receiving message from renderer: 0.100
[1584782800.715][SEVERE]: Timed out receiving message from renderer: 0.100
[1584782800.826][SEVERE]: Timed out receiving message from renderer: 0.100
